# JRE version: Java(TM) SE Runtime Environment (8.0_45-b15) (build 1.8.0_45-b15)
# Java VM: Java HotSpot(TM) 64-Bit Server VM (25.45-b02 mixed mode windows-amd64 compressed oops)
Heap:
 PSYoungGen      total 270848K, used 230894K [0x00000000eab00000, 0x0000000100000000, 0x0000000100000000)
  eden space 203264K, 90% used [0x00000000eab00000,0x00000000f5f0f350,0x00000000f7180000)
  from space 67584K, 68% used [0x00000000f7180000,0x00000000f9eec7a0,0x00000000fb380000)
  to   space 69632K, 0% used [0x00000000fbc00000,0x00000000fbc00000,0x0000000100000000)
 ParOldGen       total 333312K, used 192629K [0x00000000c0000000, 0x00000000d4580000, 0x00000000eab00000)
  object space 333312K, 57% used [0x00000000c0000000,0x00000000cbc1d788,0x00000000d4580000)
 Metaspace       used 204426K, capacity 216040K, committed 218112K, reserved 1234944K
  class space    used 28415K, capacity 32615K, committed 33280K, reserved 1048576K
GC Heap History (10 events):
Event: 2238.173 GC heap before
{Heap before GC invocations=54 (full 14):
 PSYoungGen      total 270848K, used 184041K [0x00000000eab00000, 0x0000000100000000, 0x0000000100000000)
  eden space 192512K, 82% used [0x00000000eab00000,0x00000000f468a578,0x00000000f6700000)
  from space 78336K, 31% used [0x00000000f6700000,0x00000000f7f30000,0x00000000fb380000)
  to   space 75264K, 0% used [0x00000000fb680000,0x00000000fb680000,0x0000000100000000)
 ParOldGen       total 333312K, used 246827K [0x00000000c0000000, 0x00000000d4580000, 0x00000000eab00000)
  object space 333312K, 74% used [0x00000000c0000000,0x00000000cf10adf8,0x00000000d4580000)
 Metaspace       used 180649K, capacity 190664K, committed 194432K, reserved 1214464K
  class space    used 24993K, capacity 28604K, committed 30080K, reserved 1048576K
Event: 2238.338 GC heap after
Heap after GC invocations=54 (full 14):
 PSYoungGen      total 276992K, used 22721K [0x00000000eab00000, 0x0000000100000000, 0x0000000100000000)
  eden space 201728K, 0% used [0x00000000eab00000,0x00000000eab00000,0x00000000f7000000)
  from space 75264K, 30% used [0x00000000fb680000,0x00000000fccb0650,0x0000000100000000)
  to   space 72192K, 0% used [0x00000000f7000000,0x00000000f7000000,0x00000000fb680000)
 ParOldGen       total 333312K, used 246835K [0x00000000c0000000, 0x00000000d4580000, 0x00000000eab00000)
  object space 333312K, 74% used [0x00000000c0000000,0x00000000cf10cdf8,0x00000000d4580000)
 Metaspace       used 180649K, capacity 190664K, committed 194432K, reserved 1214464K
  class space    used 24993K, capacity 28604K, committed 30080K, reserved 1048576K
}
Event: 2238.338 GC heap before
{Heap before GC invocations=55 (full 15):
 PSYoungGen      total 276992K, used 22721K [0x00000000eab00000, 0x0000000100000000, 0x0000000100000000)
  eden space 201728K, 0% used [0x00000000eab00000,0x00000000eab00000,0x00000000f7000000)
  from space 75264K, 30% used [0x00000000fb680000,0x00000000fccb0650,0x0000000100000000)
  to   space 72192K, 0% used [0x00000000f7000000,0x00000000f7000000,0x00000000fb680000)
 ParOldGen       total 333312K, used 246835K [0x00000000c0000000, 0x00000000d4580000, 0x00000000eab00000)
  object space 333312K, 74% used [0x00000000c0000000,0x00000000cf10cdf8,0x00000000d4580000)
 Metaspace       used 180649K, capacity 190664K, committed 194432K, reserved 1214464K
  class space    used 24993K, capacity 28604K, committed 30080K, reserved 1048576K
Event: 2240.193 GC heap after
Heap after GC invocations=55 (full 15):
 PSYoungGen      total 276992K, used 0K [0x00000000eab00000, 0x0000000100000000, 0x0000000100000000)
  eden space 201728K, 0% used [0x00000000eab00000,0x00000000eab00000,0x00000000f7000000)
  from space 75264K, 0% used [0x00000000fb680000,0x00000000fb680000,0x0000000100000000)
  to   space 72192K, 0% used [0x00000000f7000000,0x00000000f7000000,0x00000000fb680000)
 ParOldGen       total 333312K, used 192605K [0x00000000c0000000, 0x00000000d4580000, 0x00000000eab00000)
  object space 333312K, 57% used [0x00000000c0000000,0x00000000cbc17788,0x00000000d4580000)
 Metaspace       used 180351K, capacity 190044K, committed 194432K, reserved 1214464K
  class space    used 24882K, capacity 28277K, committed 30080K, reserved 1048576K
}
Event: 2266.580 GC heap before
{Heap before GC invocations=56 (full 15):
 PSYoungGen      total 276992K, used 201728K [0x00000000eab00000, 0x0000000100000000, 0x0000000100000000)
  eden space 201728K, 100% used [0x00000000eab00000,0x00000000f7000000,0x00000000f7000000)
  from space 75264K, 0% used [0x00000000fb680000,0x00000000fb680000,0x0000000100000000)
  to   space 72192K, 0% used [0x00000000f7000000,0x00000000f7000000,0x00000000fb680000)
 ParOldGen       total 333312K, used 192605K [0x00000000c0000000, 0x00000000d4580000, 0x00000000eab00000)
  object space 333312K, 57% used [0x00000000c0000000,0x00000000cbc17788,0x00000000d4580000)
 Metaspace       used 187486K, capacity 197734K, committed 201088K, reserved 1220608K
  class space    used 25914K, capacity 29500K, committed 30592K, reserved 1048576K
Event: 2268.130 GC heap after
Heap after GC invocations=56 (full 15):
 PSYoungGen      total 226304K, used 24574K [0x00000000eab00000, 0x00000000ff700000, 0x0000000100000000)
  eden space 201728K, 0% used [0x00000000eab00000,0x00000000eab00000,0x00000000f7000000)
  from space 24576K, 99% used [0x00000000f7000000,0x00000000f87ffae8,0x00000000f8800000)
  to   space 69120K, 0% used [0x00000000fb380000,0x00000000fb380000,0x00000000ff700000)
 ParOldGen       total 333312K, used 192613K [0x00000000c0000000, 0x00000000d4580000, 0x00000000eab00000)
  object space 333312K, 57% used [0x00000000c0000000,0x00000000cbc19788,0x00000000d4580000)
 Metaspace       used 187486K, capacity 197734K, committed 201088K, reserved 1220608K
  class space    used 25914K, capacity 29500K, committed 30592K, reserved 1048576K
}
Event: 2297.866 GC heap before
{Heap before GC invocations=57 (full 15):
 PSYoungGen      total 226304K, used 226302K [0x00000000eab00000, 0x00000000ff700000, 0x0000000100000000)
  eden space 201728K, 100% used [0x00000000eab00000,0x00000000f7000000,0x00000000f7000000)
  from space 24576K, 99% used [0x00000000f7000000,0x00000000f87ffae8,0x00000000f8800000)
  to   space 69120K, 0% used [0x00000000fb380000,0x00000000fb380000,0x00000000ff700000)
 ParOldGen       total 333312K, used 192613K [0x00000000c0000000, 0x00000000d4580000, 0x00000000eab00000)
  object space 333312K, 57% used [0x00000000c0000000,0x00000000cbc19788,0x00000000d4580000)
 Metaspace       used 194740K, capacity 205502K, committed 208384K, reserved 1226752K
  class space    used 26979K, capacity 30813K, committed 31744K, reserved 1048576K
Event: 2298.194 GC heap after
Heap after GC invocations=57 (full 15):
 PSYoungGen      total 272384K, used 35570K [0x00000000eab00000, 0x0000000100000000, 0x0000000100000000)
  eden space 203264K, 0% used [0x00000000eab00000,0x00000000eab00000,0x00000000f7180000)
  from space 69120K, 51% used [0x00000000fb380000,0x00000000fd63cb90,0x00000000ff700000)
  to   space 67584K, 0% used [0x00000000f7180000,0x00000000f7180000,0x00000000fb380000)
 ParOldGen       total 333312K, used 192621K [0x00000000c0000000, 0x00000000d4580000, 0x00000000eab00000)
  object space 333312K, 57% used [0x00000000c0000000,0x00000000cbc1b788,0x00000000d4580000)
 Metaspace       used 194740K, capacity 205502K, committed 208384K, reserved 1226752K
  class space    used 26979K, capacity 30813K, committed 31744K, reserved 1048576K
}
Event: 2350.870 GC heap before
{Heap before GC invocations=58 (full 15):
 PSYoungGen      total 272384K, used 238834K [0x00000000eab00000, 0x0000000100000000, 0x0000000100000000)
  eden space 203264K, 100% used [0x00000000eab00000,0x00000000f7180000,0x00000000f7180000)
  from space 69120K, 51% used [0x00000000fb380000,0x00000000fd63cb90,0x00000000ff700000)
  to   space 67584K, 0% used [0x00000000f7180000,0x00000000f7180000,0x00000000fb380000)
 ParOldGen       total 333312K, used 192621K [0x00000000c0000000, 0x00000000d4580000, 0x00000000eab00000)
  object space 333312K, 57% used [0x00000000c0000000,0x00000000cbc1b788,0x00000000d4580000)
 Metaspace       used 201377K, capacity 212794K, committed 215168K, reserved 1230848K
  class space    used 27951K, capacity 32051K, committed 32896K, reserved 1048576K
Event: 2352.476 GC heap after
Heap after GC invocations=58 (full 15):
 PSYoungGen      total 270848K, used 46513K [0x00000000eab00000, 0x0000000100000000, 0x0000000100000000)
  eden space 203264K, 0% used [0x00000000eab00000,0x00000000eab00000,0x00000000f7180000)
  from space 67584K, 68% used [0x00000000f7180000,0x00000000f9eec7a0,0x00000000fb380000)
  to   space 69632K, 0% used [0x00000000fbc00000,0x00000000fbc00000,0x0000000100000000)
 ParOldGen       total 333312K, used 192629K [0x00000000c0000000, 0x00000000d4580000, 0x00000000eab00000)
  object space 333312K, 57% used [0x00000000c0000000,0x00000000cbc1d788,0x00000000d4580000)
 Metaspace       used 201377K, capacity 212794K, committed 215168K, reserved 1230848K
  class space    used 27951K, capacity 32051K, committed 32896K, reserved 1048576K
}

