# JRE version: Java(TM) SE Runtime Environment (8.0_45-b15) (build 1.8.0_45-b15)
# Java VM: Java HotSpot(TM) 64-Bit Server VM (25.45-b02 mixed mode windows-amd64 compressed oops)
Heap:
 PSYoungGen      total 208384K, used 118689K [0x00000000eab00000, 0x00000000fa300000, 0x0000000100000000)
  eden space 173568K, 48% used [0x00000000eab00000,0x00000000efcef3a0,0x00000000f5480000)
  from space 34816K, 99% used [0x00000000f5480000,0x00000000f7679060,0x00000000f7680000)
  to   space 33280K, 0% used [0x00000000f7680000,0x00000000f7680000,0x00000000f9700000)
 ParOldGen       total 148992K, used 95958K [0x00000000c0000000, 0x00000000c9180000, 0x00000000eab00000)
  object space 148992K, 64% used [0x00000000c0000000,0x00000000c5db5a88,0x00000000c9180000)
 Metaspace       used 80588K, capacity 85510K, committed 85592K, reserved 1122304K
  class space    used 11184K, capacity 13096K, committed 13144K, reserved 1048576K
GC Heap History (10 events):
Event: 179.674 GC heap before
{Heap before GC invocations=25 (full 4):
 PSYoungGen      total 192512K, used 140785K [0x00000000eab00000, 0x00000000f9500000, 0x0000000100000000)
  eden space 169472K, 69% used [0x00000000eab00000,0x00000000f1e03238,0x00000000f5080000)
  from space 23040K, 99% used [0x00000000f7000000,0x00000000f8679240,0x00000000f8680000)
  to   space 32256K, 0% used [0x00000000f5080000,0x00000000f5080000,0x00000000f7000000)
 ParOldGen       total 90624K, used 66850K [0x00000000c0000000, 0x00000000c5880000, 0x00000000eab00000)
  object space 90624K, 73% used [0x00000000c0000000,0x00000000c41488a0,0x00000000c5880000)
 Metaspace       used 62366K, capacity 65578K, committed 65624K, reserved 1105920K
  class space    used 8574K, capacity 9798K, committed 9816K, reserved 1048576K
Event: 179.809 GC heap after
Heap after GC invocations=25 (full 4):
 PSYoungGen      total 201728K, used 18952K [0x00000000eab00000, 0x00000000f9700000, 0x0000000100000000)
  eden space 169472K, 0% used [0x00000000eab00000,0x00000000eab00000,0x00000000f5080000)
  from space 32256K, 58% used [0x00000000f5080000,0x00000000f6302198,0x00000000f7000000)
  to   space 33280K, 0% used [0x00000000f7680000,0x00000000f7680000,0x00000000f9700000)
 ParOldGen       total 90624K, used 79846K [0x00000000c0000000, 0x00000000c5880000, 0x00000000eab00000)
  object space 90624K, 88% used [0x00000000c0000000,0x00000000c4df9a80,0x00000000c5880000)
 Metaspace       used 62366K, capacity 65578K, committed 65624K, reserved 1105920K
  class space    used 8574K, capacity 9798K, committed 9816K, reserved 1048576K
}
Event: 179.809 GC heap before
{Heap before GC invocations=26 (full 5):
 PSYoungGen      total 201728K, used 18952K [0x00000000eab00000, 0x00000000f9700000, 0x0000000100000000)
  eden space 169472K, 0% used [0x00000000eab00000,0x00000000eab00000,0x00000000f5080000)
  from space 32256K, 58% used [0x00000000f5080000,0x00000000f6302198,0x00000000f7000000)
  to   space 33280K, 0% used [0x00000000f7680000,0x00000000f7680000,0x00000000f9700000)
 ParOldGen       total 90624K, used 79846K [0x00000000c0000000, 0x00000000c5880000, 0x00000000eab00000)
  object space 90624K, 88% used [0x00000000c0000000,0x00000000c4df9a80,0x00000000c5880000)
 Metaspace       used 62366K, capacity 65578K, committed 65624K, reserved 1105920K
  class space    used 8574K, capacity 9798K, committed 9816K, reserved 1048576K
Event: 181.270 GC heap after
Heap after GC invocations=26 (full 5):
 PSYoungGen      total 201728K, used 933K [0x00000000eab00000, 0x00000000f9700000, 0x0000000100000000)
  eden space 169472K, 0% used [0x00000000eab00000,0x00000000eab00000,0x00000000f5080000)
  from space 32256K, 2% used [0x00000000f5080000,0x00000000f51695b0,0x00000000f7000000)
  to   space 33280K, 0% used [0x00000000f7680000,0x00000000f7680000,0x00000000f9700000)
 ParOldGen       total 90624K, used 90603K [0x00000000c0000000, 0x00000000c5880000, 0x00000000eab00000)
  object space 90624K, 99% used [0x00000000c0000000,0x00000000c587afd8,0x00000000c5880000)
 Metaspace       used 62366K, capacity 65578K, committed 65624K, reserved 1105920K
  class space    used 8574K, capacity 9798K, committed 9816K, reserved 1048576K
}
Event: 197.166 GC heap before
{Heap before GC invocations=27 (full 6):
 PSYoungGen      total 201728K, used 170405K [0x00000000eab00000, 0x00000000f9700000, 0x0000000100000000)
  eden space 169472K, 100% used [0x00000000eab00000,0x00000000f5080000,0x00000000f5080000)
  from space 32256K, 2% used [0x00000000f5080000,0x00000000f51695b0,0x00000000f7000000)
  to   space 33280K, 0% used [0x00000000f7680000,0x00000000f7680000,0x00000000f9700000)
 ParOldGen       total 90624K, used 90603K [0x00000000c0000000, 0x00000000c5880000, 0x00000000eab00000)
  object space 90624K, 99% used [0x00000000c0000000,0x00000000c587afd8,0x00000000c5880000)
 Metaspace       used 69184K, capacity 72946K, committed 73304K, reserved 1112064K
  class space    used 9556K, capacity 10991K, committed 11096K, reserved 1048576K
Event: 198.083 GC heap after
Heap after GC invocations=27 (full 6):
 PSYoungGen      total 201728K, used 11857K [0x00000000eab00000, 0x00000000f9700000, 0x0000000100000000)
  eden space 169472K, 6% used [0x00000000eab00000,0x00000000eb6944b0,0x00000000f5080000)
  from space 32256K, 0% used [0x00000000f5080000,0x00000000f5080000,0x00000000f7000000)
  to   space 33280K, 0% used [0x00000000f7680000,0x00000000f7680000,0x00000000f9700000)
 ParOldGen       total 148992K, used 90616K [0x00000000c0000000, 0x00000000c9180000, 0x00000000eab00000)
  object space 148992K, 60% used [0x00000000c0000000,0x00000000c587e150,0x00000000c9180000)
 Metaspace       used 69184K, capacity 72946K, committed 73304K, reserved 1112064K
  class space    used 9556K, capacity 10991K, committed 11096K, reserved 1048576K
}
Event: 214.646 GC heap before
{Heap before GC invocations=28 (full 6):
 PSYoungGen      total 201728K, used 169472K [0x00000000eab00000, 0x00000000f9700000, 0x0000000100000000)
  eden space 169472K, 100% used [0x00000000eab00000,0x00000000f5080000,0x00000000f5080000)
  from space 32256K, 0% used [0x00000000f5080000,0x00000000f5080000,0x00000000f7000000)
  to   space 33280K, 0% used [0x00000000f7680000,0x00000000f7680000,0x00000000f9700000)
 ParOldGen       total 148992K, used 90616K [0x00000000c0000000, 0x00000000c9180000, 0x00000000eab00000)
  object space 148992K, 60% used [0x00000000c0000000,0x00000000c587e150,0x00000000c9180000)
 Metaspace       used 73224K, capacity 77484K, committed 77656K, reserved 1116160K
  class space    used 10106K, capacity 11766K, committed 11864K, reserved 1048576K
Event: 214.735 GC heap after
Heap after GC invocations=28 (full 6):
 PSYoungGen      total 206848K, used 22281K [0x00000000eab00000, 0x00000000fa300000, 0x0000000100000000)
  eden space 173568K, 0% used [0x00000000eab00000,0x00000000eab00000,0x00000000f5480000)
  from space 33280K, 66% used [0x00000000f7680000,0x00000000f8c42758,0x00000000f9700000)
  to   space 34816K, 0% used [0x00000000f5480000,0x00000000f5480000,0x00000000f7680000)
 ParOldGen       total 148992K, used 90624K [0x00000000c0000000, 0x00000000c9180000, 0x00000000eab00000)
  object space 148992K, 60% used [0x00000000c0000000,0x00000000c5880150,0x00000000c9180000)
 Metaspace       used 73224K, capacity 77484K, committed 77656K, reserved 1116160K
  class space    used 10106K, capacity 11766K, committed 11864K, reserved 1048576K
}
Event: 218.209 GC heap before
{Heap before GC invocations=29 (full 6):
 PSYoungGen      total 206848K, used 195849K [0x00000000eab00000, 0x00000000fa300000, 0x0000000100000000)
  eden space 173568K, 100% used [0x00000000eab00000,0x00000000f5480000,0x00000000f5480000)
  from space 33280K, 66% used [0x00000000f7680000,0x00000000f8c42758,0x00000000f9700000)
  to   space 34816K, 0% used [0x00000000f5480000,0x00000000f5480000,0x00000000f7680000)
 ParOldGen       total 148992K, used 90624K [0x00000000c0000000, 0x00000000c9180000, 0x00000000eab00000)
  object space 148992K, 60% used [0x00000000c0000000,0x00000000c5880150,0x00000000c9180000)
 Metaspace       used 78290K, capacity 82688K, committed 82776K, reserved 1120256K
  class space    used 10877K, capacity 12561K, committed 12632K, reserved 1048576K
Event: 218.348 GC heap after
Heap after GC invocations=29 (full 6):
 PSYoungGen      total 208384K, used 34788K [0x00000000eab00000, 0x00000000fa300000, 0x0000000100000000)
  eden space 173568K, 0% used [0x00000000eab00000,0x00000000eab00000,0x00000000f5480000)
  from space 34816K, 99% used [0x00000000f5480000,0x00000000f7679060,0x00000000f7680000)
  to   space 33280K, 0% used [0x00000000f7680000,0x00000000f7680000,0x00000000f9700000)
 ParOldGen       total 148992K, used 95958K [0x00000000c0000000, 0x00000000c9180000, 0x00000000eab00000)
  object space 148992K, 64% used [0x00000000c0000000,0x00000000c5db5a88,0x00000000c9180000)
 Metaspace       used 78290K, capacity 82688K, committed 82776K, reserved 1120256K
  class space    used 10877K, capacity 12561K, committed 12632K, reserved 1048576K
}

